-------------------------------------------------------------------------------
Test set: com.devsuperior.userdept.UserdeptApplicationTests
-------------------------------------------------------------------------------
Tests run: 1, Failures: 0, Errors: 1, Skipped: 0, Time elapsed: 0.467 s <<< FAILURE! - in com.devsuperior.userdept.UserdeptApplicationTests
com.devsuperior.userdept.UserdeptApplicationTests  Time elapsed: 0.466 s  <<< ERROR!
java.lang.IllegalStateException: Unable to find a @SpringBootConfiguration, you need to use @ContextConfiguration or @SpringBootTest(classes=...) with your test

